<?xml version="1.0" encoding="UTF-8" standalone="no"?>
<!DOCTYPE log SYSTEM "logger.dtd">
<log>
<record>
  <date>2017-05-29T14:20:18.303-0300</date>
  <logger>RERISSON DANIEL COSTA SILVA MATOS</logger>
  <level>FINE</level>
  <message>File 116110612-RERISSON DANIEL COSTA SILVA MATOS.zip was received. It was sent by RERISSON DANIEL COSTA SILVA MATOS from IP 127.0.1.1</message>
</record>
</log>
<?xml version="1.0" encoding="UTF-8" standalone="no"?>
<!DOCTYPE log SYSTEM "logger.dtd">
<log>
<record>
  <date>2017-05-29T14:50:03.064-0300</date>
  <logger>RERISSON DANIEL COSTA SILVA MATOS</logger>
  <level>FINE</level>
  <message>File 116110612-RERISSON DANIEL COSTA SILVA MATOS.zip was received. It was sent by RERISSON DANIEL COSTA SILVA MATOS from IP 127.0.1.1</message>
</record>
</log>
<?xml version="1.0" encoding="UTF-8" standalone="no"?>
<!DOCTYPE log SYSTEM "logger.dtd">
<log>
<record>
  <date>2017-05-29T15:29:46.695-0300</date>
  <logger>RERISSON DANIEL COSTA SILVA MATOS</logger>
  <level>FINE</level>
  <message>File 116110612-RERISSON DANIEL COSTA SILVA MATOS.zip was received. It was sent by RERISSON DANIEL COSTA SILVA MATOS from IP 127.0.1.1</message>
</record>
</log>
<?xml version="1.0" encoding="UTF-8" standalone="no"?>
<!DOCTYPE log SYSTEM "logger.dtd">
<log>
<record>
  <date>2017-05-29T19:42:20.151-0300</date>
  <logger>RERISSON DANIEL COSTA SILVA MATOS</logger>
  <level>FINE</level>
  <message>File 116110612-RERISSON DANIEL COSTA SILVA MATOS.zip was received. It was sent by RERISSON DANIEL COSTA SILVA MATOS from IP 127.0.1.1</message>
</record>
</log>
<?xml version="1.0" encoding="UTF-8" standalone="no"?>
<!DOCTYPE log SYSTEM "logger.dtd">
<log>
<record>
  <date>2017-05-29T19:44:53.244-0300</date>
  <logger>RERISSON DANIEL COSTA SILVA MATOS</logger>
  <level>FINE</level>
  <message>File 116110612-RERISSON DANIEL COSTA SILVA MATOS.zip was received. It was sent by RERISSON DANIEL COSTA SILVA MATOS from IP 127.0.1.1</message>
</record>
</log>
<?xml version="1.0" encoding="UTF-8" standalone="no"?>
<!DOCTYPE log SYSTEM "logger.dtd">
<log>
<record>
  <date>2017-05-29T19:46:00.034-0300</date>
  <logger>RERISSON DANIEL COSTA SILVA MATOS</logger>
  <level>FINE</level>
  <message>File 116110612-RERISSON DANIEL COSTA SILVA MATOS.zip was received. It was sent by RERISSON DANIEL COSTA SILVA MATOS from IP 127.0.1.1</message>
</record>
</log>
<?xml version="1.0" encoding="UTF-8" standalone="no"?>
<!DOCTYPE log SYSTEM "logger.dtd">
<log>
<record>
  <date>2017-05-29T20:07:08.752-0300</date>
  <logger>RERISSON DANIEL COSTA SILVA MATOS</logger>
  <level>FINE</level>
  <message>File 116110612-RERISSON DANIEL COSTA SILVA MATOS.zip was received. It was sent by RERISSON DANIEL COSTA SILVA MATOS from IP 127.0.1.1</message>
</record>
</log>
<?xml version="1.0" encoding="UTF-8" standalone="no"?>
<!DOCTYPE log SYSTEM "logger.dtd">
<log>
<record>
  <date>2017-05-29T20:26:04.245-0300</date>
  <logger>RERISSON DANIEL COSTA SILVA MATOS</logger>
  <level>FINE</level>
  <message>File 116110612-RERISSON DANIEL COSTA SILVA MATOS.zip was received. It was sent by RERISSON DANIEL COSTA SILVA MATOS from IP 127.0.1.1</message>
</record>
</log>
<?xml version="1.0" encoding="UTF-8" standalone="no"?>
<!DOCTYPE log SYSTEM "logger.dtd">
<log>
<record>
  <date>2017-05-29T21:04:23.334-0300</date>
  <logger>RERISSON DANIEL COSTA SILVA MATOS</logger>
  <level>FINE</level>
  <message>File 116110612-RERISSON DANIEL COSTA SILVA MATOS.zip was received. It was sent by RERISSON DANIEL COSTA SILVA MATOS from IP 127.0.1.1</message>
</record>
</log>
<?xml version="1.0" encoding="UTF-8" standalone="no"?>
<!DOCTYPE log SYSTEM "logger.dtd">
<log>
<record>
  <date>2017-05-29T21:06:14.799-0300</date>
  <logger>RERISSON DANIEL COSTA SILVA MATOS</logger>
  <level>FINE</level>
  <message>File 116110612-RERISSON DANIEL COSTA SILVA MATOS.zip was received. It was sent by RERISSON DANIEL COSTA SILVA MATOS from IP 127.0.1.1</message>
</record>
</log>
<?xml version="1.0" encoding="UTF-8" standalone="no"?>
<!DOCTYPE log SYSTEM "logger.dtd">
<log>
<record>
  <date>2017-05-29T21:06:46.675-0300</date>
  <logger>RERISSON DANIEL COSTA SILVA MATOS</logger>
  <level>FINE</level>
  <message>File 116110612-RERISSON DANIEL COSTA SILVA MATOS.zip was received. It was sent by RERISSON DANIEL COSTA SILVA MATOS from IP 127.0.1.1</message>
</record>
</log>
<?xml version="1.0" encoding="UTF-8" standalone="no"?>
<!DOCTYPE log SYSTEM "logger.dtd">
<log>
<record>
  <date>2017-05-29T21:07:10.712-0300</date>
  <logger>RERISSON DANIEL COSTA SILVA MATOS</logger>
  <level>FINE</level>
  <message>File 116110612-RERISSON DANIEL COSTA SILVA MATOS.zip was received. It was sent by RERISSON DANIEL COSTA SILVA MATOS from IP 127.0.1.1</message>
</record>
</log>
<?xml version="1.0" encoding="UTF-8" standalone="no"?>
<!DOCTYPE log SYSTEM "logger.dtd">
<log>
<record>
  <date>2017-05-29T21:10:30.435-0300</date>
  <logger>RERISSON DANIEL COSTA SILVA MATOS</logger>
  <level>FINE</level>
  <message>File 116110612-RERISSON DANIEL COSTA SILVA MATOS.zip was received. It was sent by RERISSON DANIEL COSTA SILVA MATOS from IP 127.0.1.1</message>
</record>
