<?xml version="1.0" encoding="UTF-8" standalone="no"?>
<!DOCTYPE log SYSTEM "logger.dtd">
<log>
<record>
  <date>2017-06-05T14:34:52.994-0300</date>
  <logger>RERISSON DANIEL COSTA SILVA MATOS</logger>
  <level>FINE</level>
  <message>File 116110612-RERISSON DANIEL COSTA SILVA MATOS.zip was received. It was sent by RERISSON DANIEL COSTA SILVA MATOS from IP 127.0.1.1</message>
</record>
</log>
<?xml version="1.0" encoding="UTF-8" standalone="no"?>
<!DOCTYPE log SYSTEM "logger.dtd">
<log>
<record>
  <date>2017-06-05T20:27:26.154-0300</date>
  <logger>RERISSON DANIEL COSTA SILVA MATOS</logger>
  <level>FINE</level>
  <message>File 116110612-RERISSON DANIEL COSTA SILVA MATOS.zip was received. It was sent by RERISSON DANIEL COSTA SILVA MATOS from IP 127.0.1.1</message>
</record>
</log>
<?xml version="1.0" encoding="UTF-8" standalone="no"?>
<!DOCTYPE log SYSTEM "logger.dtd">
<log>
<record>
  <date>2017-06-05T21:03:23.141-0300</date>
  <logger>RERISSON DANIEL COSTA SILVA MATOS</logger>
  <level>FINE</level>
  <message>File 116110612-RERISSON DANIEL COSTA SILVA MATOS.zip was received. It was sent by RERISSON DANIEL COSTA SILVA MATOS from IP 127.0.1.1</message>
</record>
