<?xml version="1.0" encoding="UTF-8" standalone="no"?>
<!DOCTYPE log SYSTEM "logger.dtd">
<log>
<record>
  <date>2017-05-31T20:48:56.781-0300</date>
  <logger>RERISSON DANIEL COSTA SILVA MATOS</logger>
  <level>FINE</level>
  <message>File 116110612-RERISSON DANIEL COSTA SILVA MATOS.zip was received. It was sent by RERISSON DANIEL COSTA SILVA MATOS from IP 127.0.1.1</message>
</record>
</log>
<?xml version="1.0" encoding="UTF-8" standalone="no"?>
<!DOCTYPE log SYSTEM "logger.dtd">
<log>
<record>
  <date>2017-05-31T21:08:37.428-0300</date>
  <logger>RERISSON DANIEL COSTA SILVA MATOS</logger>
  <level>FINE</level>
  <message>File 116110612-RERISSON DANIEL COSTA SILVA MATOS.zip was received. It was sent by RERISSON DANIEL COSTA SILVA MATOS from IP 127.0.1.1</message>
</record>
</log>
<?xml version="1.0" encoding="UTF-8" standalone="no"?>
<!DOCTYPE log SYSTEM "logger.dtd">
<log>
<record>
  <date>2017-06-03T09:48:29.547-0300</date>
  <logger>RERISSON DANIEL COSTA SILVA MATOS</logger>
  <level>FINE</level>
  <message>File 116110612-RERISSON DANIEL COSTA SILVA MATOS.zip was received. It was sent by RERISSON DANIEL COSTA SILVA MATOS from IP 127.0.1.1</message>
</record>
</log>
<?xml version="1.0" encoding="UTF-8" standalone="no"?>
<!DOCTYPE log SYSTEM "logger.dtd">
<log>
<record>
  <date>2017-06-03T10:15:09.822-0300</date>
  <logger>RERISSON DANIEL COSTA SILVA MATOS</logger>
  <level>FINE</level>
  <message>File 116110612-RERISSON DANIEL COSTA SILVA MATOS.zip was received. It was sent by RERISSON DANIEL COSTA SILVA MATOS from IP 127.0.1.1</message>
</record>
</log>
<?xml version="1.0" encoding="UTF-8" standalone="no"?>
<!DOCTYPE log SYSTEM "logger.dtd">
<log>
<record>
  <date>2017-06-03T10:16:31.986-0300</date>
  <logger>RERISSON DANIEL COSTA SILVA MATOS</logger>
  <level>FINE</level>
  <message>File 116110612-RERISSON DANIEL COSTA SILVA MATOS.zip was received. It was sent by RERISSON DANIEL COSTA SILVA MATOS from IP 127.0.1.1</message>
</record>
</log>
<?xml version="1.0" encoding="UTF-8" standalone="no"?>
<!DOCTYPE log SYSTEM "logger.dtd">
<log>
<record>
  <date>2017-06-03T10:17:07.429-0300</date>
  <logger>RERISSON DANIEL COSTA SILVA MATOS</logger>
  <level>FINE</level>
  <message>File 116110612-RERISSON DANIEL COSTA SILVA MATOS.zip was received. It was sent by RERISSON DANIEL COSTA SILVA MATOS from IP 127.0.1.1</message>
</record>
