<?xml version="1.0" encoding="UTF-8" standalone="no"?>
<!DOCTYPE log SYSTEM "logger.dtd">
<log>
<record>
  <date>2017-07-03T14:06:29.523-0300</date>
  <logger>RERISSON DANIEL COSTA SILVA MATOS</logger>
  <level>FINE</level>
  <message>File 116110612-RERISSON DANIEL COSTA SILVA MATOS.zip was received. It was sent by RERISSON DANIEL COSTA SILVA MATOS from IP 127.0.1.1</message>
</record>
</log>
<?xml version="1.0" encoding="UTF-8" standalone="no"?>
<!DOCTYPE log SYSTEM "logger.dtd">
<log>
<record>
  <date>2017-07-03T15:03:23.798-0300</date>
  <logger>RERISSON DANIEL COSTA SILVA MATOS</logger>
  <level>FINE</level>
  <message>File 116110612-RERISSON DANIEL COSTA SILVA MATOS.zip was received. It was sent by RERISSON DANIEL COSTA SILVA MATOS from IP 127.0.1.1</message>
</record>
</log>
<?xml version="1.0" encoding="UTF-8" standalone="no"?>
<!DOCTYPE log SYSTEM "logger.dtd">
<log>
<record>
  <date>2017-07-03T15:18:23.670-0300</date>
  <logger>RERISSON DANIEL COSTA SILVA MATOS</logger>
  <level>FINE</level>
  <message>File 116110612-RERISSON DANIEL COSTA SILVA MATOS.zip was received. It was sent by RERISSON DANIEL COSTA SILVA MATOS from IP 127.0.1.1</message>
</record>
