<?xml version="1.0" encoding="UTF-8" standalone="no"?>
<!DOCTYPE log SYSTEM "logger.dtd">
<log>
<record>
  <date>2017-08-02T16:24:19.189-0300</date>
  <logger>RERISSON DANIEL COSTA SILVA MATOS</logger>
  <level>FINE</level>
  <message>File 116110612-RERISSON DANIEL COSTA SILVA MATOS.zip was received. It was sent by RERISSON DANIEL COSTA SILVA MATOS from IP 127.0.1.1</message>
</record>
</log>
<?xml version="1.0" encoding="UTF-8" standalone="no"?>
<!DOCTYPE log SYSTEM "logger.dtd">
<log>
<record>
  <date>2017-08-03T14:23:13.770-0300</date>
  <logger>RERISSON DANIEL COSTA SILVA MATOS</logger>
  <level>FINE</level>
  <message>File 116110612-RERISSON DANIEL COSTA SILVA MATOS.zip was received. It was sent by RERISSON DANIEL COSTA SILVA MATOS from IP 127.0.1.1</message>
</record>
</log>
<?xml version="1.0" encoding="UTF-8" standalone="no"?>
<!DOCTYPE log SYSTEM "logger.dtd">
<log>
<record>
  <date>2017-08-03T14:30:04.448-0300</date>
  <logger>RERISSON DANIEL COSTA SILVA MATOS</logger>
  <level>FINE</level>
  <message>File 116110612-RERISSON DANIEL COSTA SILVA MATOS.zip was received. It was sent by RERISSON DANIEL COSTA SILVA MATOS from IP 127.0.1.1</message>
</record>
</log>
<?xml version="1.0" encoding="UTF-8" standalone="no"?>
<!DOCTYPE log SYSTEM "logger.dtd">
<log>
<record>
  <date>2017-08-03T14:42:47.789-0300</date>
  <logger>RERISSON DANIEL COSTA SILVA MATOS</logger>
  <level>FINE</level>
  <message>File 116110612-RERISSON DANIEL COSTA SILVA MATOS.zip was received. It was sent by RERISSON DANIEL COSTA SILVA MATOS from IP 127.0.1.1</message>
</record>
</log>
<?xml version="1.0" encoding="UTF-8" standalone="no"?>
<!DOCTYPE log SYSTEM "logger.dtd">
<log>
<record>
  <date>2017-08-03T14:45:54.465-0300</date>
  <logger>RERISSON DANIEL COSTA SILVA MATOS</logger>
  <level>FINE</level>
  <message>File 116110612-RERISSON DANIEL COSTA SILVA MATOS.zip was received. It was sent by RERISSON DANIEL COSTA SILVA MATOS from IP 127.0.1.1</message>
</record>
</log>
<?xml version="1.0" encoding="UTF-8" standalone="no"?>
<!DOCTYPE log SYSTEM "logger.dtd">
<log>
<record>
  <date>2017-08-03T14:51:01.766-0300</date>
  <logger>RERISSON DANIEL COSTA SILVA MATOS</logger>
  <level>FINE</level>
  <message>File 116110612-RERISSON DANIEL COSTA SILVA MATOS.zip was received. It was sent by RERISSON DANIEL COSTA SILVA MATOS from IP 127.0.1.1</message>
</record>
